{"numTotalTestSuites":8,"numPassedTestSuites":8,"numFailedTestSuites":0,"numPendingTestSuites":0,"numTotalTests":8,"numPassedTests":8,"numFailedTests":0,"numPendingTests":0,"numTodoTests":0,"snapshot":{"added":0,"failure":false,"filesAdded":0,"filesRemoved":0,"filesRemovedList":[],"filesUnmatched":0,"filesUpdated":0,"matched":0,"total":0,"unchecked":0,"uncheckedKeysByFile":[],"unmatched":0,"updated":0,"didUpdate":false},"startTime":1787689415699,"success":true,"testResults":[{"assertionResults":[{"ancestorTitles":["TenantsSection"],"fullName":"TenantsSection toggles from create to edit mode and pre-fills fields","status":"passed","title":"toggles from create to edit mode and pre-fills fields","duration":260.32142399999975,"failureMessages":[],"meta":{},"tags":[]}],"startTime":1787689418034,"endTime":1787689418294.3215,"status":"passed","message":"","name":"/app/src/TenantsSection.test.tsx"},{"assertionResults":[{"ancestorTitles":["api client"],"fullName":"api client throws AuthError on 401","status":"passed","title":"throws AuthError on 401","duration":10.423685999999634,"failureMessages":[],"meta":{},"tags":[]},{"ancestorTitles":["api client"],"fullName":"api client throws AuthError on 403","status":"passed","title":"throws AuthError on 403","duration":0.9875380000003133,"failureMessages":[],"meta":{},"tags":[]},{"ancestorTitles":["api client"],"fullName":"api client throws NetworkError when verifySecret fetch fails","status":"passed","title":"throws NetworkError when verifySecret fetch fails","duration":1.4434590000000753,"failureMessages":[],"meta":{},"tags":[]}],"startTime":1787689417868,"endTime":1787689417881.4434,"status":"passed","message":"","name":"/app/src/api.test.ts"},{"assertionResults":[{"ancestorTitles":["auth"],"fullName":"auth returns admin when secret is stored","status":"passed","title":"returns admin when secret is stored","duration":9.021289000000024,"failureMessages":[],"meta":{},"tags":[]},{"ancestorTitles":["auth"],"fullName":"auth returns viewer when viewer session is stored","status":"passed","title":"returns viewer when viewer session is stored","duration":1.1567809999996825,"failureMessages":[],"meta":{},"tags":[]},{"ancestorTitles":["auth"],"fullName":"auth returns null when session is cleared","status":"passed","title":"returns null when session is cleared","duration":0.820929000000433,"failureMessages":[],"meta":{},"tags":[]}],"startTime":1787689417789,"endTime":1787689417800.821,"status":"passed","message":"","name":"/app/src/auth.test.ts"},{"assertionResults":[{"ancestorTitles":["ToastProvider"],"fullName":"ToastProvider shows a toast and auto-dismisses it","status":"passed","title":"shows a toast and auto-dismisses it","duration":182.71626800000013,"failureMessages":[],"meta":{},"tags":[]}],"startTime":1787689417964,"endTime":1787689418146.7163,"status":"passed","message":"","name":"/app/src/components/ToastProvider.test.tsx"}],"coverageMap":{"/app/src/TenantsSection.tsx":{"path":"/app/src/TenantsSection.tsx","statementMap":{"0":{"start":{"line":22,"column":34},"end":{"line":22,"column":null}},"1":{"start":{"line":23,"column":32},"end":{"line":23,"column":null}},"2":{"start":{"line":25,"column":26},"end":{"line":25,"column":null}},"3":{"start":{"line":26,"column":34},"end":{"line":26,"column":null}},"4":{"start":{"line":27,"column":34},"end":{"line":27,"column":null}},"5":{"start":{"line":28,"column":38},"end":{"line":28,"column":null}},"6":{"start":{"line":29,"column":26},"end":{"line":29,"column":null}},"7":{"start":{"line":30,"column":36},"end":{"line":30,"column":null}},"8":{"start":{"line":32,"column":32},"end":{"line":32,"column":null}},"9":{"start":{"line":33,"column":38},"end":{"line":33,"column":null}},"10":{"start":{"line":34,"column":36},"end":{"line":34,"column":null}},"11":{"start":{"line":35,"column":28},"end":{"line":35,"column":null}},"12":{"start":{"line":36,"column":38},"end":{"line":36,"column":null}},"13":{"start":{"line":37,"column":24},"end":{"line":37,"column":33}},"14":{"start":{"line":39,"column":8},"end":{"line":49,"column":null}},"15":{"start":{"line":40,"column":4},"end":{"line":40,"column":null}},"16":{"start":{"line":41,"column":4},"end":{"line":41,"column":null}},"17":{"start":{"line":42,"column":4},"end":{"line":42,"column":null}},"18":{"start":{"line":43,"column":4},"end":{"line":43,"column":null}},"19":{"start":{"line":44,"column":4},"end":{"line":44,"column":null}},"20":{"start":{"line":45,"column":4},"end":{"line":45,"column":null}},"21":{"start":{"line":46,"column":4},"end":{"line":46,"column":null}},"22":{"start":{"line":47,"column":4},"end":{"line":47,"column":null}},"23":{"start":{"line":48,"column":4},"end":{"line":48,"column":null}},"24":{"start":{"line":51,"column":8},"end":{"line":61,"column":null}},"25":{"start":{"line":52,"column":4},"end":{"line":52,"column":null}},"26":{"start":{"line":53,"column":4},"end":{"line":53,"column":null}},"27":{"start":{"line":54,"column":4},"end":{"line":54,"column":null}},"28":{"start":{"line":55,"column":4},"end":{"line":55,"column":null}},"29":{"start":{"line":56,"column":4},"end":{"line":56,"column":null}},"30":{"start":{"line":57,"column":4},"end":{"line":57,"column":null}},"31":{"start":{"line":58,"column":4},"end":{"line":58,"column":null}},"32":{"start":{"line":59,"column":4},"end":{"line":59,"column":null}},"33":{"start":{"line":60,"column":4},"end":{"line":60,"column":null}},"34":{"start":{"line":63,"column":17},"end":{"line":109,"column":null}},"35":{"start":{"line":64,"column":4},"end":{"line":64,"column":null}},"36":{"start":{"line":65,"column":4},"end":{"line":65,"column":null}},"37":{"start":{"line":65,"column":15},"end":{"line":65,"column":null}},"38":{"start":{"line":66,"column":4},"end":{"line":66,"column":null}},"39":{"start":{"line":67,"column":4},"end":{"line":67,"column":null}},"40":{"start":{"line":68,"column":4},"end":{"line":108,"column":null}},"41":{"start":{"line":69,"column":6},"end":{"line":101,"column":null}},"42":{"start":{"line":70,"column":24},"end":{"line":77,"column":null}},"43":{"start":{"line":78,"column":8},"end":{"line":78,"column":null}},"44":{"start":{"line":79,"column":8},"end":{"line":79,"column":null}},"45":{"start":{"line":80,"column":8},"end":{"line":80,"column":null}},"46":{"start":{"line":81,"column":8},"end":{"line":81,"column":null}},"47":{"start":{"line":83,"column":23},"end":{"line":90,"column":null}},"48":{"start":{"line":91,"column":8},"end":{"line":91,"column":null}},"49":{"start":{"line":92,"column":8},"end":{"line":92,"column":null}},"50":{"start":{"line":93,"column":8},"end":{"line":93,"column":null}},"51":{"start":{"line":94,"column":8},"end":{"line":94,"column":null}},"52":{"start":{"line":95,"column":8},"end":{"line":95,"column":null}},"53":{"start":{"line":96,"column":8},"end":{"line":96,"column":null}},"54":{"start":{"line":97,"column":8},"end":{"line":97,"column":null}},"55":{"start":{"line":98,"column":8},"end":{"line":98,"column":null}},"56":{"start":{"line":99,"column":8},"end":{"line":99,"column":null}},"57":{"start":{"line":100,"column":8},"end":{"line":100,"column":null}},"58":{"start":{"line":103,"column":18},"end":{"line":103,"column":null}},"59":{"start":{"line":104,"column":6},"end":{"line":104,"column":null}},"60":{"start":{"line":105,"column":6},"end":{"line":105,"column":null}},"61":{"start":{"line":107,"column":6},"end":{"line":107,"column":null}},"62":{"start":{"line":111,"column":17},"end":{"line":121,"column":null}},"63":{"start":{"line":112,"column":4},"end":{"line":112,"column":null}},"64":{"start":{"line":112,"column":75},"end":{"line":112,"column":null}},"65":{"start":{"line":113,"column":4},"end":{"line":120,"column":null}},"66":{"start":{"line":114,"column":6},"end":{"line":114,"column":null}},"67":{"start":{"line":115,"column":6},"end":{"line":115,"column":null}},"68":{"start":{"line":116,"column":6},"end":{"line":116,"column":null}},"69":{"start":{"line":118,"column":18},"end":{"line":118,"column":null}},"70":{"start":{"line":119,"column":6},"end":{"line":119,"column":null}},"71":{"start":{"line":123,"column":20},"end":{"line":138,"column":null}},"72":{"start":{"line":124,"column":4},"end":{"line":129,"column":null}},"73":{"start":{"line":129,"column":6},"end":{"line":129,"column":null}},"74":{"start":{"line":130,"column":4},"end":{"line":137,"column":null}},"75":{"start":{"line":131,"column":21},"end":{"line":131,"column":null}},"76":{"start":{"line":132,"column":6},"end":{"line":132,"column":null}},"77":{"start":{"line":133,"column":6},"end":{"line":133,"column":null}},"78":{"start":{"line":135,"column":18},"end":{"line":135,"column":null}},"79":{"start":{"line":136,"column":6},"end":{"line":136,"column":null}},"80":{"start":{"line":140,"column":18},"end":{"line":149,"column":null}},"81":{"start":{"line":141,"column":4},"end":{"line":148,"column":null}},"82":{"start":{"line":142,"column":6},"end":{"line":142,"column":null}},"83":{"start":{"line":143,"column":6},"end":{"line":143,"column":null}},"84":{"start":{"line":144,"column":6},"end":{"line":144,"column":null}},"85":{"start":{"line":144,"column":23},"end":{"line":144,"column":41}},"86":{"start":{"line":145,"column":6},"end":{"line":145,"column":null}},"87":{"start":{"line":147,"column":6},"end":{"line":147,"column":null}},"88":{"start":{"line":151,"column":2},"end":{"line":153,"column":null}},"89":{"start":{"line":152,"column":4},"end":{"line":152,"column":null}},"90":{"start":{"line":155,"column":2},"end":{"line":368,"column":null}},"91":{"start":{"line":165,"column":12},"end":{"line":165,"column":null}},"92":{"start":{"line":166,"column":12},"end":{"line":166,"column":null}},"93":{"start":{"line":166,"column":31},"end":{"line":166,"column":33}},"94":{"start":{"line":180,"column":29},"end":{"line":180,"column":null}},"95":{"start":{"line":187,"column":66},"end":{"line":187,"column":84}},"96":{"start":{"line":200,"column":29},"end":{"line":200,"column":null}},"97":{"start":{"line":207,"column":66},"end":{"line":207,"column":87}},"98":{"start":{"line":223,"column":31},"end":{"line":223,"column":null}},"99":{"start":{"line":237,"column":31},"end":{"line":237,"column":null}},"100":{"start":{"line":255,"column":31},"end":{"line":255,"column":null}},"101":{"start":{"line":268,"column":31},"end":{"line":268,"column":null}},"102":{"start":{"line":281,"column":31},"end":{"line":281,"column":null}},"103":{"start":{"line":292,"column":31},"end":{"line":292,"column":null}},"104":{"start":{"line":296,"column":31},"end":{"line":296,"column":40}},"105":{"start":{"line":298,"column":18},"end":{"line":300,"column":null}},"106":{"start":{"line":336,"column":16},"end":{"line":362,"column":null}},"107":{"start":{"line":339,"column":42},"end":{"line":339,"column":74}},"108":{"start":{"line":345,"column":76},"end":{"line":345,"column":90}},"109":{"start":{"line":350,"column":37},"end":{"line":350,"column":null}},"110":{"start":{"line":356,"column":37},"end":{"line":356,"column":null}}},"fnMap":{"0":{"name":"TenantsSection","decl":{"start":{"line":14,"column":24},"end":{"line":14,"column":39}},"loc":{"start":{"line":21,"column":24},"end":{"line":370,"column":null}},"line":21},"1":{"name":"(anonymous_1)","decl":{"start":{"line":39,"column":8},"end":{"line":39,"column":26}},"loc":{"start":{"line":39,"column":26},"end":{"line":49,"column":null}},"line":39},"2":{"name":"(anonymous_2)","decl":{"start":{"line":51,"column":8},"end":{"line":51,"column":21}},"loc":{"start":{"line":51,"column":35},"end":{"line":61,"column":null}},"line":51},"3":{"name":"(anonymous_3)","decl":{"start":{"line":63,"column":17},"end":{"line":63,"column":24}},"loc":{"start":{"line":63,"column":41},"end":{"line":109,"column":null}},"line":63},"4":{"name":"(anonymous_4)","decl":{"start":{"line":111,"column":17},"end":{"line":111,"column":24}},"loc":{"start":{"line":111,"column":59},"end":{"line":121,"column":null}},"line":111},"5":{"name":"(anonymous_5)","decl":{"start":{"line":123,"column":20},"end":{"line":123,"column":27}},"loc":{"start":{"line":123,"column":62},"end":{"line":138,"column":null}},"line":123},"6":{"name":"(anonymous_6)","decl":{"start":{"line":140,"column":18},"end":{"line":140,"column":25}},"loc":{"start":{"line":140,"column":41},"end":{"line":149,"column":null}},"line":140},"7":{"name":"(anonymous_7)","decl":{"start":{"line":144,"column":6},"end":{"line":144,"column":23}},"loc":{"start":{"line":144,"column":23},"end":{"line":144,"column":41}},"line":144},"8":{"name":"(anonymous_8)","decl":{"start":{"line":164,"column":10},"end":{"line":164,"column":25}},"loc":{"start":{"line":164,"column":25},"end":{"line":167,"column":null}},"line":164},"9":{"name":"(anonymous_9)","decl":{"start":{"line":166,"column":12},"end":{"line":166,"column":25}},"loc":{"start":{"line":166,"column":31},"end":{"line":166,"column":33}},"line":166},"10":{"name":"(anonymous_10)","decl":{"start":{"line":180,"column":14},"end":{"line":180,"column":29}},"loc":{"start":{"line":180,"column":29},"end":{"line":180,"column":null}},"line":180},"11":{"name":"(anonymous_11)","decl":{"start":{"line":187,"column":51},"end":{"line":187,"column":66}},"loc":{"start":{"line":187,"column":66},"end":{"line":187,"column":84}},"line":187},"12":{"name":"(anonymous_12)","decl":{"start":{"line":200,"column":14},"end":{"line":200,"column":29}},"loc":{"start":{"line":200,"column":29},"end":{"line":200,"column":null}},"line":200},"13":{"name":"(anonymous_13)","decl":{"start":{"line":207,"column":51},"end":{"line":207,"column":66}},"loc":{"start":{"line":207,"column":66},"end":{"line":207,"column":87}},"line":207},"14":{"name":"(anonymous_14)","decl":{"start":{"line":223,"column":14},"end":{"line":223,"column":25}},"loc":{"start":{"line":223,"column":31},"end":{"line":223,"column":null}},"line":223},"15":{"name":"(anonymous_15)","decl":{"start":{"line":237,"column":14},"end":{"line":237,"column":25}},"loc":{"start":{"line":237,"column":31},"end":{"line":237,"column":null}},"line":237},"16":{"name":"(anonymous_16)","decl":{"start":{"line":255,"column":14},"end":{"line":255,"column":25}},"loc":{"start":{"line":255,"column":31},"end":{"line":255,"column":null}},"line":255},"17":{"name":"(anonymous_17)","decl":{"start":{"line":268,"column":14},"end":{"line":268,"column":25}},"loc":{"start":{"line":268,"column":31},"end":{"line":268,"column":null}},"line":268},"18":{"name":"(anonymous_18)","decl":{"start":{"line":281,"column":14},"end":{"line":281,"column":25}},"loc":{"start":{"line":281,"column":31},"end":{"line":281,"column":null}},"line":281},"19":{"name":"(anonymous_19)","decl":{"start":{"line":292,"column":14},"end":{"line":292,"column":25}},"loc":{"start":{"line":292,"column":31},"end":{"line":292,"column":null}},"line":292},"20":{"name":"(anonymous_20)","decl":{"start":{"line":296,"column":17},"end":{"line":296,"column":25}},"loc":{"start":{"line":296,"column":31},"end":{"line":296,"column":40}},"line":296},"21":{"name":"(anonymous_21)","decl":{"start":{"line":297,"column":17},"end":{"line":297,"column":22}},"loc":{"start":{"line":298,"column":18},"end":{"line":300,"column":null}},"line":298},"22":{"name":"(anonymous_22)","decl":{"start":{"line":335,"column":23},"end":{"line":335,"column":28}},"loc":{"start":{"line":336,"column":16},"end":{"line":362,"column":null}},"line":336},"23":{"name":"(anonymous_23)","decl":{"start":{"line":339,"column":30},"end":{"line":339,"column":36}},"loc":{"start":{"line":339,"column":42},"end":{"line":339,"column":74}},"line":339},"24":{"name":"(anonymous_24)","decl":{"start":{"line":345,"column":61},"end":{"line":345,"column":76}},"loc":{"start":{"line":345,"column":76},"end":{"line":345,"column":90}},"line":345},"25":{"name":"(anonymous_25)","decl":{"start":{"line":350,"column":22},"end":{"line":350,"column":37}},"loc":{"start":{"line":350,"column":37},"end":{"line":350,"column":null}},"line":350},"26":{"name":"(anonymous_26)","decl":{"start":{"line":356,"column":22},"end":{"line":356,"column":37}},"loc":{"start":{"line":356,"column":37},"end":{"line":356,"column":null}},"line":356}},"branchMap":{"0":{"loc":{"start":{"line":58,"column":17},"end":{"line":58,"column":46}},"type":"binary-expr","locations":[{"start":{"line":58,"column":17},"end":{"line":58,"column":44}},{"start":{"line":58,"column":44},"end":{"line":58,"column":46}}],"line":58},"1":{"loc":{"start":{"line":65,"column":4},"end":{"line":65,"column":null}},"type":"if","locations":[{"start":{"line":65,"column":4},"end":{"line":65,"column":null}},{"start":{},"end":{}}],"line":65},"2":{"loc":{"start":{"line":69,"column":6},"end":{"line":101,"column":null}},"type":"if","locations":[{"start":{"line":69,"column":6},"end":{"line":101,"column":null}},{"start":{"line":82,"column":13},"end":{"line":101,"column":null}}],"line":69},"3":{"loc":{"start":{"line":76,"column":33},"end":{"line":76,"column":null}},"type":"binary-expr","locations":[{"start":{"line":76,"column":33},"end":{"line":76,"column":46}},{"start":{"line":76,"column":46},"end":{"line":76,"column":null}}],"line":76},"4":{"loc":{"start":{"line":86,"column":10},"end":{"line":86,"column":null}},"type":"binary-expr","locations":[{"start":{"line":86,"column":10},"end":{"line":86,"column":23}},{"start":{"line":86,"column":23},"end":{"line":86,"column":null}}],"line":86},"5":{"loc":{"start":{"line":103,"column":18},"end":{"line":103,"column":null}},"type":"cond-expr","locations":[{"start":{"line":103,"column":41},"end":{"line":103,"column":55}},{"start":{"line":103,"column":55},"end":{"line":103,"column":null}}],"line":103},"6":{"loc":{"start":{"line":112,"column":4},"end":{"line":112,"column":null}},"type":"if","locations":[{"start":{"line":112,"column":4},"end":{"line":112,"column":null}},{"start":{},"end":{}}],"line":112},"7":{"loc":{"start":{"line":118,"column":18},"end":{"line":118,"column":null}},"type":"cond-expr","locations":[{"start":{"line":118,"column":41},"end":{"line":118,"column":55}},{"start":{"line":118,"column":55},"end":{"line":118,"column":null}}],"line":118},"8":{"loc":{"start":{"line":124,"column":4},"end":{"line":129,"column":null}},"type":"if","locations":[{"start":{"line":124,"column":4},"end":{"line":129,"column":null}},{"start":{},"end":{}}],"line":124},"9":{"loc":{"start":{"line":135,"column":18},"end":{"line":135,"column":null}},"type":"cond-expr","locations":[{"start":{"line":135,"column":41},"end":{"line":135,"column":55}},{"start":{"line":135,"column":55},"end":{"line":135,"column":null}}],"line":135},"10":{"loc":{"start":{"line":151,"column":2},"end":{"line":153,"column":null}},"type":"if","locations":[{"start":{"line":151,"column":2},"end":{"line":153,"column":null}},{"start":{},"end":{}}],"line":151},"11":{"loc":{"start":{"line":169,"column":11},"end":{"line":169,"column":null}},"type":"cond-expr","locations":[{"start":{"line":169,"column":22},"end":{"line":169,"column":33}},{"start":{"line":169,"column":33},"end":{"line":169,"column":null}}],"line":169},"12":{"loc":{"start":{"line":173,"column":7},"end":{"line":190,"column":null}},"type":"binary-expr","locations":[{"start":{"line":173,"column":7},"end":{"line":173,"column":null}},{"start":{"line":174,"column":8},"end":{"line":190,"column":null}}],"line":173},"13":{"loc":{"start":{"line":183,"column":15},"end":{"line":183,"column":null}},"type":"cond-expr","locations":[{"start":{"line":183,"column":47},"end":{"line":183,"column":59}},{"start":{"line":183,"column":59},"end":{"line":183,"column":null}}],"line":183},"14":{"loc":{"start":{"line":193,"column":7},"end":{"line":210,"column":null}},"type":"binary-expr","locations":[{"start":{"line":193,"column":7},"end":{"line":193,"column":null}},{"start":{"line":194,"column":8},"end":{"line":210,"column":null}}],"line":193},"15":{"loc":{"start":{"line":203,"column":15},"end":{"line":203,"column":null}},"type":"cond-expr","locations":[{"start":{"line":203,"column":49},"end":{"line":203,"column":61}},{"start":{"line":203,"column":61},"end":{"line":203,"column":null}}],"line":203},"16":{"loc":{"start":{"line":213,"column":7},"end":{"line":316,"column":null}},"type":"binary-expr","locations":[{"start":{"line":213,"column":7},"end":{"line":213,"column":null}},{"start":{"line":214,"column":8},"end":{"line":316,"column":null}}],"line":213},"17":{"loc":{"start":{"line":299,"column":30},"end":{"line":299,"column":null}},"type":"cond-expr","locations":[{"start":{"line":299,"column":43},"end":{"line":299,"column":69}},{"start":{"line":299,"column":69},"end":{"line":299,"column":null}}],"line":299},"18":{"loc":{"start":{"line":304,"column":11},"end":{"line":307,"column":null}},"type":"binary-expr","locations":[{"start":{"line":304,"column":11},"end":{"line":304,"column":null}},{"start":{"line":305,"column":12},"end":{"line":307,"column":null}}],"line":304},"19":{"loc":{"start":{"line":312,"column":22},"end":{"line":312,"column":null}},"type":"binary-expr","locations":[{"start":{"line":312,"column":22},"end":{"line":312,"column":31}},{"start":{"line":312,"column":31},"end":{"line":312,"column":null}}],"line":312},"20":{"loc":{"start":{"line":314,"column":13},"end":{"line":314,"column":null}},"type":"cond-expr","locations":[{"start":{"line":314,"column":26},"end":{"line":314,"column":38}},{"start":{"line":314,"column":38},"end":{"line":314,"column":null}}],"line":314},"21":{"loc":{"start":{"line":314,"column":38},"end":{"line":314,"column":null}},"type":"cond-expr","locations":[{"start":{"line":314,"column":48},"end":{"line":314,"column":66}},{"start":{"line":314,"column":66},"end":{"line":314,"column":null}}],"line":314},"22":{"loc":{"start":{"line":319,"column":7},"end":{"line":366,"column":null}},"type":"cond-expr","locations":[{"start":{"line":320,"column":8},"end":{"line":322,"column":9}},{"start":{"line":322,"column":8},"end":{"line":366,"column":null}}],"line":319},"23":{"loc":{"start":{"line":339,"column":21},"end":{"line":339,"column":null}},"type":"binary-expr","locations":[{"start":{"line":339,"column":21},"end":{"line":339,"column":85}},{"start":{"line":339,"column":85},"end":{"line":339,"column":null}}],"line":339},"24":{"loc":{"start":{"line":341,"column":40},"end":{"line":341,"column":61}},"type":"binary-expr","locations":[{"start":{"line":341,"column":40},"end":{"line":341,"column":50}},{"start":{"line":341,"column":50},"end":{"line":341,"column":61}}],"line":341}},"s":{"0":2,"1":2,"2":2,"3":2,"4":2,"5":2,"6":2,"7":2,"8":2,"9":2,"10":2,"11":2,"12":2,"13":2,"14":2,"15":0,"16":0,"17":0,"18":0,"19":0,"20":0,"21":0,"22":0,"23":0,"24":2,"25":1,"26":1,"27":1,"28":1,"29":1,"30":1,"31":1,"32":1,"33":1,"34":2,"35":0,"36":0,"37":0,"38":0,"39":0,"40":0,"41":0,"42":0,"43":0,"44":0,"45":0,"46":0,"47":0,"48":0,"49":0,"50":0,"51":0,"52":0,"53":0,"54":0,"55":0,"56":0,"57":0,"58":0,"59":0,"60":0,"61":0,"62":2,"63":0,"64":0,"65":0,"66":0,"67":0,"68":0,"69":0,"70":0,"71":2,"72":0,"73":0,"74":0,"75":0,"76":0,"77":0,"78":0,"79":0,"80":2,"81":0,"82":0,"83":0,"84":0,"85":0,"86":0,"87":0,"88":2,"89":0,"90":2,"91":0,"92":0,"93":0,"94":0,"95":0,"96":0,"97":0,"98":0,"99":0,"100":0,"101":0,"102":0,"103":0,"104":0,"105":0,"106":2,"107":0,"108":1,"109":0,"110":0},"f":{"0":2,"1":0,"2":1,"3":0,"4":0,"5":0,"6":0,"7":0,"8":0,"9":0,"10":0,"11":0,"12":0,"13":0,"14":0,"15":0,"16":0,"17":0,"18":0,"19":0,"20":0,"21":0,"22":2,"23":0,"24":1,"25":0,"26":0},"b":{"0":[1,1],"1":[0,0],"2":[0,0],"3":[0,0],"4":[0,0],"5":[0,0],"6":[0,0],"7":[0,0],"8":[0,0],"9":[0,0],"10":[0,2],"11":[1,1],"12":[2,0],"13":[0,0],"14":[2,0],"15":[0,0],"16":[2,1],"17":[0,0],"18":[1,0],"19":[1,1],"20":[0,1],"21":[1,0],"22":[0,2],"23":[2,2],"24":[2,0]},"meta":{"lastBranch":25,"lastFunction":27,"lastStatement":111,"seen":{"f:14:24:14:39":0,"s:22:34:22:Infinity":0,"s:23:32:23:Infinity":1,"s:25:26:25:Infinity":2,"s:26:34:26:Infinity":3,"s:27:34:27:Infinity":4,"s:28:38:28:Infinity":5,"s:29:26:29:Infinity":6,"s:30:36:30:Infinity":7,"s:32:32:32:Infinity":8,"s:33:38:33:Infinity":9,"s:34:36:34:Infinity":10,"s:35:28:35:Infinity":11,"s:36:38:36:Infinity":12,"s:37:24:37:33":13,"s:39:8:49:Infinity":14,"f:39:8:39:26":1,"s:40:4:40:Infinity":15,"s:41:4:41:Infinity":16,"s:42:4:42:Infinity":17,"s:43:4:43:Infinity":18,"s:44:4:44:Infinity":19,"s:45:4:45:Infinity":20,"s:46:4:46:Infinity":21,"s:47:4:47:Infinity":22,"s:48:4:48:Infinity":23,"s:51:8:61:Infinity":24,"f:51:8:51:21":2,"s:52:4:52:Infinity":25,"s:53:4:53:Infinity":26,"s:54:4:54:Infinity":27,"s:55:4:55:Infinity":28,"s:56:4:56:Infinity":29,"s:57:4:57:Infinity":30,"s:58:4:58:Infinity":31,"b:58:17:58:44:58:44:58:46":0,"s:59:4:59:Infinity":32,"s:60:4:60:Infinity":33,"s:63:17:109:Infinity":34,"f:63:17:63:24":3,"s:64:4:64:Infinity":35,"b:65:4:65:Infinity:undefined:undefined:undefined:undefined":1,"s:65:4:65:Infinity":36,"s:65:15:65:Infinity":37,"s:66:4:66:Infinity":38,"s:67:4:67:Infinity":39,"s:68:4:108:Infinity":40,"b:69:6:101:Infinity:82:13:101:Infinity":2,"s:69:6:101:Infinity":41,"s:70:24:77:Infinity":42,"b:76:33:76:46:76:46:76:Infinity":3,"s:78:8:78:Infinity":43,"s:79:8:79:Infinity":44,"s:80:8:80:Infinity":45,"s:81:8:81:Infinity":46,"s:83:23:90:Infinity":47,"b:86:10:86:23:86:23:86:Infinity":4,"s:91:8:91:Infinity":48,"s:92:8:92:Infinity":49,"s:93:8:93:Infinity":50,"s:94:8:94:Infinity":51,"s:95:8:95:Infinity":52,"s:96:8:96:Infinity":53,"s:97:8:97:Infinity":54,"s:98:8:98:Infinity":55,"s:99:8:99:Infinity":56,"s:100:8:100:Infinity":57,"s:103:18:103:Infinity":58,"b:103:41:103:55:103:55:103:Infinity":5,"s:104:6:104:Infinity":59,"s:105:6:105:Infinity":60,"s:107:6:107:Infinity":61,"s:111:17:121:Infinity":62,"f:111:17:111:24":4,"b:112:4:112:Infinity:undefined:undefined:undefined:undefined":6,"s:112:4:112:Infinity":63,"s:112:75:112:Infinity":64,"s:113:4:120:Infinity":65,"s:114:6:114:Infinity":66,"s:115:6:115:Infinity":67,"s:116:6:116:Infinity":68,"s:118:18:118:Infinity":69,"b:118:41:118:55:118:55:118:Infinity":7,"s:119:6:119:Infinity":70,"s:123:20:138:Infinity":71,"f:123:20:123:27":5,"b:124:4:129:Infinity:undefined:undefined:undefined:undefined":8,"s:124:4:129:Infinity":72,"s:129:6:129:Infinity":73,"s:130:4:137:Infinity":74,"s:131:21:131:Infinity":75,"s:132:6:132:Infinity":76,"s:133:6:133:Infinity":77,"s:135:18:135:Infinity":78,"b:135:41:135:55:135:55:135:Infinity":9,"s:136:6:136:Infinity":79,"s:140:18:149:Infinity":80,"f:140:18:140:25":6,"s:141:4:148:Infinity":81,"s:142:6:142:Infinity":82,"s:143:6:143:Infinity":83,"s:144:6:144:Infinity":84,"f:144:6:144:23":7,"s:144:23:144:41":85,"s:145:6:145:Infinity":86,"s:147:6:147:Infinity":87,"b:151:2:153:Infinity:undefined:undefined:undefined:undefined":10,"s:151:2:153:Infinity":88,"s:152:4:152:Infinity":89,"s:155:2:368:Infinity":90,"f:164:10:164:25":8,"s:165:12:165:Infinity":91,"s:166:12:166:Infinity":92,"f:166:12:166:25":9,"s:166:31:166:33":93,"b:169:22:169:33:169:33:169:Infinity":11,"b:173:7:173:Infinity:174:8:190:Infinity":12,"f:180:14:180:29":10,"s:180:29:180:Infinity":94,"b:183:47:183:59:183:59:183:Infinity":13,"f:187:51:187:66":11,"s:187:66:187:84":95,"b:193:7:193:Infinity:194:8:210:Infinity":14,"f:200:14:200:29":12,"s:200:29:200:Infinity":96,"b:203:49:203:61:203:61:203:Infinity":15,"f:207:51:207:66":13,"s:207:66:207:87":97,"b:213:7:213:Infinity:214:8:316:Infinity":16,"f:223:14:223:25":14,"s:223:31:223:Infinity":98,"f:237:14:237:25":15,"s:237:31:237:Infinity":99,"f:255:14:255:25":16,"s:255:31:255:Infinity":100,"f:268:14:268:25":17,"s:268:31:268:Infinity":101,"f:281:14:281:25":18,"s:281:31:281:Infinity":102,"f:292:14:292:25":19,"s:292:31:292:Infinity":103,"f:296:17:296:25":20,"s:296:31:296:40":104,"f:297:17:297:22":21,"s:298:18:300:Infinity":105,"b:299:43:299:69:299:69:299:Infinity":17,"b:304:11:304:Infinity:305:12:307:Infinity":18,"b:312:22:312:31:312:31:312:Infinity":19,"b:314:26:314:38:314:38:314:Infinity":20,"b:314:48:314:66:314:66:314:Infinity":21,"b:320:8:322:9:322:8:366:Infinity":22,"f:335:23:335:28":22,"s:336:16:362:Infinity":106,"b:339:21:339:85:339:85:339:Infinity":23,"f:339:30:339:36":23,"s:339:42:339:74":107,"b:341:40:341:50:341:50:341:61":24,"f:345:61:345:76":24,"s:345:76:345:90":108,"f:350:22:350:37":25,"s:350:37:350:Infinity":109,"f:356:22:356:37":26,"s:356:37:356:Infinity":110},"fnNames":{}}},"/app/src/components/ToastProvider.tsx":{"path":"/app/src/components/ToastProvider.tsx","statementMap":{"0":{"start":{"line":13,"column":21},"end":{"line":13,"column":null}},"1":{"start":{"line":16,"column":14},"end":{"line":16,"column":null}},"2":{"start":{"line":17,"column":2},"end":{"line":17,"column":null}},"3":{"start":{"line":17,"column":12},"end":{"line":17,"column":null}},"4":{"start":{"line":18,"column":2},"end":{"line":18,"column":null}},"5":{"start":{"line":22,"column":30},"end":{"line":22,"column":null}},"6":{"start":{"line":24,"column":20},"end":{"line":30,"column":null}},"7":{"start":{"line":25,"column":15},"end":{"line":25,"column":null}},"8":{"start":{"line":26,"column":4},"end":{"line":26,"column":null}},"9":{"start":{"line":26,"column":24},"end":{"line":26,"column":56}},"10":{"start":{"line":27,"column":4},"end":{"line":29,"column":null}},"11":{"start":{"line":28,"column":6},"end":{"line":28,"column":null}},"12":{"start":{"line":28,"column":26},"end":{"line":28,"column":57}},"13":{"start":{"line":28,"column":45},"end":{"line":28,"column":56}},"14":{"start":{"line":32,"column":2},"end":{"line":47,"column":null}},"15":{"start":{"line":37,"column":10},"end":{"line":44,"column":null}}},"fnMap":{"0":{"name":"useToast","decl":{"start":{"line":15,"column":16},"end":{"line":15,"column":27}},"loc":{"start":{"line":15,"column":27},"end":{"line":19,"column":null}},"line":15},"1":{"name":"ToastProvider","decl":{"start":{"line":21,"column":16},"end":{"line":21,"column":30}},"loc":{"start":{"line":21,"column":69},"end":{"line":49,"column":null}},"line":21},"2":{"name":"(anonymous_2)","decl":{"start":{"line":24,"column":20},"end":{"line":24,"column":33}},"loc":{"start":{"line":24,"column":80},"end":{"line":30,"column":5}},"line":24},"3":{"name":"(anonymous_3)","decl":{"start":{"line":26,"column":4},"end":{"line":26,"column":15}},"loc":{"start":{"line":26,"column":24},"end":{"line":26,"column":56}},"line":26},"4":{"name":"(anonymous_4)","decl":{"start":{"line":27,"column":4},"end":{"line":27,"column":21}},"loc":{"start":{"line":27,"column":21},"end":{"line":29,"column":7}},"line":27},"5":{"name":"(anonymous_5)","decl":{"start":{"line":28,"column":6},"end":{"line":28,"column":17}},"loc":{"start":{"line":28,"column":26},"end":{"line":28,"column":57}},"line":28},"6":{"name":"(anonymous_6)","decl":{"start":{"line":28,"column":31},"end":{"line":28,"column":39}},"loc":{"start":{"line":28,"column":45},"end":{"line":28,"column":56}},"line":28},"7":{"name":"(anonymous_7)","decl":{"start":{"line":36,"column":16},"end":{"line":36,"column":21}},"loc":{"start":{"line":37,"column":10},"end":{"line":44,"column":null}},"line":37}},"branchMap":{"0":{"loc":{"start":{"line":17,"column":2},"end":{"line":17,"column":null}},"type":"if","locations":[{"start":{"line":17,"column":2},"end":{"line":17,"column":null}},{"start":{},"end":{}}],"line":17}},"s":{"0":2,"1":5,"2":5,"3":0,"4":5,"5":4,"6":4,"7":1,"8":1,"9":1,"10":1,"11":1,"12":1,"13":1,"14":4,"15":1},"f":{"0":5,"1":4,"2":1,"3":1,"4":1,"5":1,"6":1,"7":1},"b":{"0":[0,5]},"meta":{"lastBranch":1,"lastFunction":8,"lastStatement":16,"seen":{"s:13:21:13:Infinity":0,"f:15:16:15:27":0,"s:16:14:16:Infinity":1,"b:17:2:17:Infinity:undefined:undefined:undefined:undefined":0,"s:17:2:17:Infinity":2,"s:17:12:17:Infinity":3,"s:18:2:18:Infinity":4,"f:21:16:21:30":1,"s:22:30:22:Infinity":5,"s:24:20:30:Infinity":6,"f:24:20:24:33":2,"s:25:15:25:Infinity":7,"s:26:4:26:Infinity":8,"f:26:4:26:15":3,"s:26:24:26:56":9,"s:27:4:29:Infinity":10,"f:27:4:27:21":4,"s:28:6:28:Infinity":11,"f:28:6:28:17":5,"s:28:26:28:57":12,"f:28:31:28:39":6,"s:28:45:28:56":13,"s:32:2:47:Infinity":14,"f:36:16:36:21":7,"s:37:10:44:Infinity":15},"fnNames":{}}},"/app/src/auth.ts":{"path":"/app/src/auth.ts","statementMap":{"0":{"start":{"line":1,"column":19},"end":{"line":1,"column":null}},"1":{"start":{"line":2,"column":19},"end":{"line":2,"column":null}},"2":{"start":{"line":7,"column":2},"end":{"line":7,"column":null}},"3":{"start":{"line":7,"column":37},"end":{"line":7,"column":null}},"4":{"start":{"line":8,"column":2},"end":{"line":13,"column":null}},"5":{"start":{"line":9,"column":4},"end":{"line":9,"column":null}},"6":{"start":{"line":11,"column":4},"end":{"line":11,"column":null}},"7":{"start":{"line":12,"column":4},"end":{"line":12,"column":null}},"8":{"start":{"line":17,"column":2},"end":{"line":17,"column":null}},"9":{"start":{"line":17,"column":37},"end":{"line":17,"column":null}},"10":{"start":{"line":18,"column":2},"end":{"line":22,"column":null}},"11":{"start":{"line":19,"column":4},"end":{"line":19,"column":null}},"12":{"start":{"line":21,"column":4},"end":{"line":21,"column":null}},"13":{"start":{"line":26,"column":2},"end":{"line":26,"column":null}},"14":{"start":{"line":26,"column":37},"end":{"line":26,"column":null}},"15":{"start":{"line":27,"column":2},"end":{"line":31,"column":null}},"16":{"start":{"line":28,"column":4},"end":{"line":28,"column":null}},"17":{"start":{"line":30,"column":4},"end":{"line":30,"column":null}},"18":{"start":{"line":35,"column":2},"end":{"line":35,"column":null}},"19":{"start":{"line":39,"column":2},"end":{"line":39,"column":null}},"20":{"start":{"line":40,"column":2},"end":{"line":40,"column":null}},"21":{"start":{"line":44,"column":2},"end":{"line":44,"column":null}},"22":{"start":{"line":45,"column":2},"end":{"line":45,"column":null}},"23":{"start":{"line":49,"column":2},"end":{"line":49,"column":null}},"24":{"start":{"line":49,"column":25},"end":{"line":49,"column":null}},"25":{"start":{"line":50,"column":2},"end":{"line":50,"column":null}},"26":{"start":{"line":50,"column":31},"end":{"line":50,"column":null}},"27":{"start":{"line":51,"column":2},"end":{"line":51,"column":null}},"28":{"start":{"line":55,"column":2},"end":{"line":55,"column":null}},"29":{"start":{"line":56,"column":2},"end":{"line":56,"column":null}}},"fnMap":{"0":{"name":"safeGetItem","decl":{"start":{"line":6,"column":9},"end":{"line":6,"column":21}},"loc":{"start":{"line":6,"column":49},"end":{"line":14,"column":null}},"line":6},"1":{"name":"safeSetItem","decl":{"start":{"line":16,"column":9},"end":{"line":16,"column":21}},"loc":{"start":{"line":16,"column":55},"end":{"line":23,"column":null}},"line":16},"2":{"name":"safeRemoveItem","decl":{"start":{"line":25,"column":9},"end":{"line":25,"column":24}},"loc":{"start":{"line":25,"column":43},"end":{"line":32,"column":null}},"line":25},"3":{"name":"getStoredSecret","decl":{"start":{"line":34,"column":16},"end":{"line":34,"column":49}},"loc":{"start":{"line":34,"column":49},"end":{"line":36,"column":null}},"line":34},"4":{"name":"storeSecret","decl":{"start":{"line":38,"column":16},"end":{"line":38,"column":28}},"loc":{"start":{"line":38,"column":50},"end":{"line":41,"column":null}},"line":38},"5":{"name":"storeViewerSession","decl":{"start":{"line":43,"column":16},"end":{"line":43,"column":43}},"loc":{"start":{"line":43,"column":43},"end":{"line":46,"column":null}},"line":43},"6":{"name":"getRole","decl":{"start":{"line":48,"column":16},"end":{"line":48,"column":32}},"loc":{"start":{"line":48,"column":32},"end":{"line":52,"column":null}},"line":48},"7":{"name":"clearSession","decl":{"start":{"line":54,"column":16},"end":{"line":54,"column":37}},"loc":{"start":{"line":54,"column":37},"end":{"line":57,"column":null}},"line":54}},"branchMap":{"0":{"loc":{"start":{"line":7,"column":2},"end":{"line":7,"column":null}},"type":"if","locations":[{"start":{"line":7,"column":2},"end":{"line":7,"column":null}},{"start":{},"end":{}}],"line":7},"1":{"loc":{"start":{"line":17,"column":2},"end":{"line":17,"column":null}},"type":"if","locations":[{"start":{"line":17,"column":2},"end":{"line":17,"column":null}},{"start":{},"end":{}}],"line":17},"2":{"loc":{"start":{"line":26,"column":2},"end":{"line":26,"column":null}},"type":"if","locations":[{"start":{"line":26,"column":2},"end":{"line":26,"column":null}},{"start":{},"end":{}}],"line":26},"3":{"loc":{"start":{"line":49,"column":2},"end":{"line":49,"column":null}},"type":"if","locations":[{"start":{"line":49,"column":2},"end":{"line":49,"column":null}},{"start":{},"end":{}}],"line":49},"4":{"loc":{"start":{"line":50,"column":2},"end":{"line":50,"column":null}},"type":"if","locations":[{"start":{"line":50,"column":2},"end":{"line":50,"column":null}},{"start":{},"end":{}}],"line":50}},"s":{"0":3,"1":3,"2":7,"3":0,"4":7,"5":7,"6":0,"7":0,"8":3,"9":0,"10":3,"11":3,"12":0,"13":11,"14":0,"15":11,"16":11,"17":0,"18":5,"19":2,"20":2,"21":1,"22":1,"23":3,"24":1,"25":2,"26":1,"27":1,"28":4,"29":4},"f":{"0":7,"1":3,"2":11,"3":5,"4":2,"5":1,"6":3,"7":4},"b":{"0":[0,7],"1":[0,3],"2":[0,11],"3":[1,2],"4":[1,1]},"meta":{"lastBranch":5,"lastFunction":8,"lastStatement":30,"seen":{"s:1:19:1:Infinity":0,"s:2:19:2:Infinity":1,"f:6:9:6:21":0,"b:7:2:7:Infinity:undefined:undefined:undefined:undefined":0,"s:7:2:7:Infinity":2,"s:7:37:7:Infinity":3,"s:8:2:13:Infinity":4,"s:9:4:9:Infinity":5,"s:11:4:11:Infinity":6,"s:12:4:12:Infinity":7,"f:16:9:16:21":1,"b:17:2:17:Infinity:undefined:undefined:undefined:undefined":1,"s:17:2:17:Infinity":8,"s:17:37:17:Infinity":9,"s:18:2:22:Infinity":10,"s:19:4:19:Infinity":11,"s:21:4:21:Infinity":12,"f:25:9:25:24":2,"b:26:2:26:Infinity:undefined:undefined:undefined:undefined":2,"s:26:2:26:Infinity":13,"s:26:37:26:Infinity":14,"s:27:2:31:Infinity":15,"s:28:4:28:Infinity":16,"s:30:4:30:Infinity":17,"f:34:16:34:49":3,"s:35:2:35:Infinity":18,"f:38:16:38:28":4,"s:39:2:39:Infinity":19,"s:40:2:40:Infinity":20,"f:43:16:43:43":5,"s:44:2:44:Infinity":21,"s:45:2:45:Infinity":22,"f:48:16:48:32":6,"b:49:2:49:Infinity:undefined:undefined:undefined:undefined":3,"s:49:2:49:Infinity":23,"s:49:25:49:Infinity":24,"b:50:2:50:Infinity:undefined:undefined:undefined:undefined":4,"s:50:2:50:Infinity":25,"s:50:31:50:Infinity":26,"s:51:2:51:Infinity":27,"f:54:16:54:37":7,"s:55:2:55:Infinity":28,"s:56:2:56:Infinity":29},"fnNames":{}}},"/app/src/api.ts":{"path":"/app/src/api.ts","statementMap":{"0":{"start":{"line":117,"column":4},"end":{"line":117,"column":null}},"1":{"start":{"line":118,"column":4},"end":{"line":118,"column":null}},"2":{"start":{"line":124,"column":4},"end":{"line":124,"column":null}},"3":{"start":{"line":125,"column":4},"end":{"line":125,"column":null}},"4":{"start":{"line":130,"column":17},"end":{"line":130,"column":33}},"5":{"start":{"line":132,"column":42},"end":{"line":135,"column":null}},"6":{"start":{"line":137,"column":2},"end":{"line":139,"column":null}},"7":{"start":{"line":138,"column":4},"end":{"line":138,"column":null}},"8":{"start":{"line":141,"column":14},"end":{"line":144,"column":null}},"9":{"start":{"line":146,"column":2},"end":{"line":148,"column":null}},"10":{"start":{"line":147,"column":4},"end":{"line":147,"column":null}},"11":{"start":{"line":149,"column":2},"end":{"line":152,"column":null}},"12":{"start":{"line":150,"column":17},"end":{"line":150,"column":null}},"13":{"start":{"line":150,"column":47},"end":{"line":150,"column":50}},"14":{"start":{"line":151,"column":4},"end":{"line":151,"column":null}},"15":{"start":{"line":153,"column":2},"end":{"line":153,"column":null}},"16":{"start":{"line":157,"column":2},"end":{"line":168,"column":null}},"17":{"start":{"line":158,"column":16},"end":{"line":160,"column":null}},"18":{"start":{"line":162,"column":4},"end":{"line":162,"column":null}},"19":{"start":{"line":162,"column":50},"end":{"line":162,"column":null}},"20":{"start":{"line":163,"column":4},"end":{"line":163,"column":null}},"21":{"start":{"line":163,"column":17},"end":{"line":163,"column":null}},"22":{"start":{"line":164,"column":4},"end":{"line":164,"column":null}},"23":{"start":{"line":166,"column":4},"end":{"line":166,"column":null}},"24":{"start":{"line":166,"column":37},"end":{"line":166,"column":null}},"25":{"start":{"line":167,"column":4},"end":{"line":167,"column":null}},"26":{"start":{"line":175,"column":19},"end":{"line":280,"column":null}},"27":{"start":{"line":176,"column":16},"end":{"line":176,"column":null}},"28":{"start":{"line":179,"column":21},"end":{"line":179,"column":null}},"29":{"start":{"line":189,"column":4},"end":{"line":199,"column":null}},"30":{"start":{"line":201,"column":29},"end":{"line":201,"column":null}},"31":{"start":{"line":214,"column":4},"end":{"line":217,"column":null}},"32":{"start":{"line":220,"column":4},"end":{"line":222,"column":null}},"33":{"start":{"line":225,"column":4},"end":{"line":227,"column":null}},"34":{"start":{"line":231,"column":4},"end":{"line":234,"column":null}},"35":{"start":{"line":237,"column":4},"end":{"line":239,"column":null}},"36":{"start":{"line":243,"column":4},"end":{"line":243,"column":null}},"37":{"start":{"line":245,"column":23},"end":{"line":245,"column":null}},"38":{"start":{"line":248,"column":20},"end":{"line":248,"column":null}},"39":{"start":{"line":251,"column":31},"end":{"line":251,"column":null}},"40":{"start":{"line":253,"column":39},"end":{"line":253,"column":null}},"41":{"start":{"line":256,"column":4},"end":{"line":259,"column":null}},"42":{"start":{"line":265,"column":4},"end":{"line":268,"column":null}},"43":{"start":{"line":271,"column":4},"end":{"line":273,"column":null}},"44":{"start":{"line":276,"column":4},"end":{"line":279,"column":null}}},"fnMap":{"0":{"name":"constructor","decl":{"start":{"line":116,"column":2},"end":{"line":116,"column":16}},"loc":{"start":{"line":116,"column":16},"end":{"line":119,"column":null}},"line":116},"1":{"name":"constructor_2","decl":{"start":{"line":123,"column":2},"end":{"line":123,"column":14}},"loc":{"start":{"line":123,"column":51},"end":{"line":126,"column":null}},"line":123},"2":{"name":"request","decl":{"start":{"line":129,"column":15},"end":{"line":129,"column":26}},"loc":{"start":{"line":129,"column":79},"end":{"line":154,"column":null}},"line":129},"3":{"name":"(anonymous_3)","decl":{"start":{"line":150,"column":34},"end":{"line":150,"column":47}},"loc":{"start":{"line":150,"column":47},"end":{"line":150,"column":50}},"line":150},"4":{"name":"verifySecret","decl":{"start":{"line":156,"column":22},"end":{"line":156,"column":35}},"loc":{"start":{"line":156,"column":69},"end":{"line":169,"column":null}},"line":156},"5":{"name":"(anonymous_5)","decl":{"start":{"line":176,"column":2},"end":{"line":176,"column":16}},"loc":{"start":{"line":176,"column":16},"end":{"line":176,"column":null}},"line":176},"6":{"name":"(anonymous_6)","decl":{"start":{"line":179,"column":2},"end":{"line":179,"column":21}},"loc":{"start":{"line":179,"column":21},"end":{"line":179,"column":null}},"line":179},"7":{"name":"(anonymous_7)","decl":{"start":{"line":181,"column":2},"end":{"line":181,"column":null}},"loc":{"start":{"line":189,"column":4},"end":{"line":199,"column":null}},"line":189},"8":{"name":"(anonymous_8)","decl":{"start":{"line":201,"column":2},"end":{"line":201,"column":14}},"loc":{"start":{"line":201,"column":29},"end":{"line":201,"column":null}},"line":201},"9":{"name":"(anonymous_9)","decl":{"start":{"line":203,"column":2},"end":{"line":203,"column":null}},"loc":{"start":{"line":214,"column":4},"end":{"line":217,"column":null}},"line":214},"10":{"name":"(anonymous_10)","decl":{"start":{"line":219,"column":2},"end":{"line":219,"column":17}},"loc":{"start":{"line":220,"column":4},"end":{"line":222,"column":null}},"line":220},"11":{"name":"(anonymous_11)","decl":{"start":{"line":224,"column":2},"end":{"line":224,"column":20}},"loc":{"start":{"line":225,"column":4},"end":{"line":227,"column":null}},"line":225},"12":{"name":"(anonymous_12)","decl":{"start":{"line":230,"column":2},"end":{"line":230,"column":13}},"loc":{"start":{"line":231,"column":4},"end":{"line":234,"column":null}},"line":231},"13":{"name":"(anonymous_13)","decl":{"start":{"line":236,"column":2},"end":{"line":236,"column":19}},"loc":{"start":{"line":237,"column":4},"end":{"line":239,"column":null}},"line":237},"14":{"name":"(anonymous_14)","decl":{"start":{"line":242,"column":2},"end":{"line":242,"column":20}},"loc":{"start":{"line":243,"column":4},"end":{"line":243,"column":null}},"line":243},"15":{"name":"(anonymous_15)","decl":{"start":{"line":245,"column":2},"end":{"line":245,"column":23}},"loc":{"start":{"line":245,"column":23},"end":{"line":245,"column":null}},"line":245},"16":{"name":"(anonymous_16)","decl":{"start":{"line":248,"column":2},"end":{"line":248,"column":20}},"loc":{"start":{"line":248,"column":20},"end":{"line":248,"column":null}},"line":248},"17":{"name":"(anonymous_17)","decl":{"start":{"line":251,"column":2},"end":{"line":251,"column":31}},"loc":{"start":{"line":251,"column":31},"end":{"line":251,"column":null}},"line":251},"18":{"name":"(anonymous_18)","decl":{"start":{"line":253,"column":2},"end":{"line":253,"column":24}},"loc":{"start":{"line":253,"column":39},"end":{"line":253,"column":null}},"line":253},"19":{"name":"(anonymous_19)","decl":{"start":{"line":255,"column":2},"end":{"line":255,"column":27}},"loc":{"start":{"line":256,"column":4},"end":{"line":259,"column":null}},"line":256},"20":{"name":"(anonymous_20)","decl":{"start":{"line":261,"column":2},"end":{"line":261,"column":null}},"loc":{"start":{"line":265,"column":4},"end":{"line":268,"column":null}},"line":265},"21":{"name":"(anonymous_21)","decl":{"start":{"line":270,"column":2},"end":{"line":270,"column":27}},"loc":{"start":{"line":271,"column":4},"end":{"line":273,"column":null}},"line":271},"22":{"name":"(anonymous_22)","decl":{"start":{"line":275,"column":2},"end":{"line":275,"column":29}},"loc":{"start":{"line":276,"column":4},"end":{"line":279,"column":null}},"line":276}},"branchMap":{"0":{"loc":{"start":{"line":123,"column":14},"end":{"line":123,"column":51}},"type":"default-arg","locations":[{"start":{"line":123,"column":24},"end":{"line":123,"column":51}}],"line":123},"1":{"loc":{"start":{"line":129,"column":40},"end":{"line":129,"column":79}},"type":"default-arg","locations":[{"start":{"line":129,"column":63},"end":{"line":129,"column":79}}],"line":129},"2":{"loc":{"start":{"line":133,"column":8},"end":{"line":133,"column":null}},"type":"cond-expr","locations":[{"start":{"line":133,"column":17},"end":{"line":133,"column":48}},{"start":{"line":133,"column":48},"end":{"line":133,"column":null}}],"line":133},"3":{"loc":{"start":{"line":134,"column":8},"end":{"line":134,"column":null}},"type":"binary-expr","locations":[{"start":{"line":134,"column":8},"end":{"line":134,"column":53}},{"start":{"line":134,"column":53},"end":{"line":134,"column":null}}],"line":134},"4":{"loc":{"start":{"line":137,"column":2},"end":{"line":139,"column":null}},"type":"if","locations":[{"start":{"line":137,"column":2},"end":{"line":139,"column":null}},{"start":{},"end":{}}],"line":137},"5":{"loc":{"start":{"line":146,"column":2},"end":{"line":148,"column":null}},"type":"if","locations":[{"start":{"line":146,"column":2},"end":{"line":148,"column":null}},{"start":{},"end":{}}],"line":146},"6":{"loc":{"start":{"line":146,"column":6},"end":{"line":146,"column":48}},"type":"binary-expr","locations":[{"start":{"line":146,"column":6},"end":{"line":146,"column":28}},{"start":{"line":146,"column":28},"end":{"line":146,"column":48}}],"line":146},"7":{"loc":{"start":{"line":149,"column":2},"end":{"line":152,"column":null}},"type":"if","locations":[{"start":{"line":149,"column":2},"end":{"line":152,"column":null}},{"start":{},"end":{}}],"line":149},"8":{"loc":{"start":{"line":151,"column":20},"end":{"line":151,"column":66}},"type":"binary-expr","locations":[{"start":{"line":151,"column":20},"end":{"line":151,"column":34}},{"start":{"line":151,"column":34},"end":{"line":151,"column":66}}],"line":151},"9":{"loc":{"start":{"line":162,"column":4},"end":{"line":162,"column":null}},"type":"if","locations":[{"start":{"line":162,"column":4},"end":{"line":162,"column":null}},{"start":{},"end":{}}],"line":162},"10":{"loc":{"start":{"line":162,"column":8},"end":{"line":162,"column":50}},"type":"binary-expr","locations":[{"start":{"line":162,"column":8},"end":{"line":162,"column":30}},{"start":{"line":162,"column":30},"end":{"line":162,"column":50}}],"line":162},"11":{"loc":{"start":{"line":163,"column":4},"end":{"line":163,"column":null}},"type":"if","locations":[{"start":{"line":163,"column":4},"end":{"line":163,"column":null}},{"start":{},"end":{}}],"line":163},"12":{"loc":{"start":{"line":166,"column":4},"end":{"line":166,"column":null}},"type":"if","locations":[{"start":{"line":166,"column":4},"end":{"line":166,"column":null}},{"start":{},"end":{}}],"line":166},"13":{"loc":{"start":{"line":232,"column":19},"end":{"line":232,"column":null}},"type":"cond-expr","locations":[{"start":{"line":232,"column":25},"end":{"line":232,"column":61}},{"start":{"line":232,"column":61},"end":{"line":232,"column":null}}],"line":232},"14":{"loc":{"start":{"line":238,"column":39},"end":{"line":238,"column":null}},"type":"cond-expr","locations":[{"start":{"line":238,"column":45},"end":{"line":238,"column":81}},{"start":{"line":238,"column":81},"end":{"line":238,"column":null}}],"line":238},"15":{"loc":{"start":{"line":242,"column":20},"end":{"line":242,"column":null}},"type":"default-arg","locations":[{"start":{"line":242,"column":40},"end":{"line":242,"column":null}}],"line":242}},"s":{"0":2,"1":2,"2":1,"3":1,"4":2,"5":2,"6":2,"7":0,"8":2,"9":2,"10":2,"11":0,"12":0,"13":0,"14":0,"15":0,"16":1,"17":1,"18":0,"19":0,"20":0,"21":0,"22":0,"23":1,"24":0,"25":1,"26":2,"27":2,"28":0,"29":0,"30":0,"31":0,"32":0,"33":0,"34":0,"35":0,"36":0,"37":0,"38":0,"39":0,"40":0,"41":0,"42":0,"43":0,"44":0},"f":{"0":2,"1":1,"2":2,"3":0,"4":1,"5":2,"6":0,"7":0,"8":0,"9":0,"10":0,"11":0,"12":0,"13":0,"14":0,"15":0,"16":0,"17":0,"18":0,"19":0,"20":0,"21":0,"22":0},"b":{"0":[1],"1":[2],"2":[0,2],"3":[2,2],"4":[0,2],"5":[2,0],"6":[2,1],"7":[0,0],"8":[0,0],"9":[0,0],"10":[0,0],"11":[0,0],"12":[0,1],"13":[0,0],"14":[0,0],"15":[0]},"meta":{"lastBranch":16,"lastFunction":23,"lastStatement":45,"seen":{"f:116:2:116:16":0,"s:117:4:117:Infinity":0,"s:118:4:118:Infinity":1,"f:123:2:123:14":1,"b:123:24:123:51":0,"s:124:4:124:Infinity":2,"s:125:4:125:Infinity":3,"f:129:15:129:26":2,"b:129:63:129:79":1,"s:130:17:130:33":4,"s:132:42:135:Infinity":5,"b:133:17:133:48:133:48:133:Infinity":2,"b:134:8:134:53:134:53:134:Infinity":3,"b:137:2:139:Infinity:undefined:undefined:undefined:undefined":4,"s:137:2:139:Infinity":6,"s:138:4:138:Infinity":7,"s:141:14:144:Infinity":8,"b:146:2:148:Infinity:undefined:undefined:undefined:undefined":5,"s:146:2:148:Infinity":9,"b:146:6:146:28:146:28:146:48":6,"s:147:4:147:Infinity":10,"b:149:2:152:Infinity:undefined:undefined:undefined:undefined":7,"s:149:2:152:Infinity":11,"s:150:17:150:Infinity":12,"f:150:34:150:47":3,"s:150:47:150:50":13,"s:151:4:151:Infinity":14,"b:151:20:151:34:151:34:151:66":8,"s:153:2:153:Infinity":15,"f:156:22:156:35":4,"s:157:2:168:Infinity":16,"s:158:16:160:Infinity":17,"b:162:4:162:Infinity:undefined:undefined:undefined:undefined":9,"s:162:4:162:Infinity":18,"b:162:8:162:30:162:30:162:50":10,"s:162:50:162:Infinity":19,"b:163:4:163:Infinity:undefined:undefined:undefined:undefined":11,"s:163:4:163:Infinity":20,"s:163:17:163:Infinity":21,"s:164:4:164:Infinity":22,"b:166:4:166:Infinity:undefined:undefined:undefined:undefined":12,"s:166:4:166:Infinity":23,"s:166:37:166:Infinity":24,"s:167:4:167:Infinity":25,"s:175:19:280:Infinity":26,"f:176:2:176:16":5,"s:176:16:176:Infinity":27,"f:179:2:179:21":6,"s:179:21:179:Infinity":28,"f:181:2:181:Infinity":7,"s:189:4:199:Infinity":29,"f:201:2:201:14":8,"s:201:29:201:Infinity":30,"f:203:2:203:Infinity":9,"s:214:4:217:Infinity":31,"f:219:2:219:17":10,"s:220:4:222:Infinity":32,"f:224:2:224:20":11,"s:225:4:227:Infinity":33,"f:230:2:230:13":12,"s:231:4:234:Infinity":34,"b:232:25:232:61:232:61:232:Infinity":13,"f:236:2:236:19":13,"s:237:4:239:Infinity":35,"b:238:45:238:81:238:81:238:Infinity":14,"f:242:2:242:20":14,"s:243:4:243:Infinity":36,"b:242:40:242:Infinity":15,"f:245:2:245:23":15,"s:245:23:245:Infinity":37,"f:248:2:248:20":16,"s:248:20:248:Infinity":38,"f:251:2:251:31":17,"s:251:31:251:Infinity":39,"f:253:2:253:24":18,"s:253:39:253:Infinity":40,"f:255:2:255:27":19,"s:256:4:259:Infinity":41,"f:261:2:261:Infinity":20,"s:265:4:268:Infinity":42,"f:270:2:270:27":21,"s:271:4:273:Infinity":43,"f:275:2:275:29":22,"s:276:4:279:Infinity":44},"fnNames":{}}}}}